version: (200506)

available memory: 64M bytes
used memory: 81920 bytes [need 80K bytes if disable swap]

used block: 3 [memory(3) file(0)]
                 [ 8K(2) 64K(1) { total 80K bytes } ]
overhead: (9538) bytes for (3) blocks [Average: (3179) bytes/block]

write  => 0(times) 0K(bytes) [0K bytes to file]
read   => 1(times) 5K(bytes) [0K bytes compressed data from file]
access => 77064(times) 604M(bytes)
          [hit ratio: 99.9987%]

time: write(0) read(0)  unit: second

swap file directory: (/home/sohail/Downloads/full_adder/sim/verdiLog)
used swap file number: (1)



swap file manager:
arrSize: (256)
idxCnt: (3)
closeHead: (1)
closeTail: (2)
openCnt: (2)
fid(2): fd(35) fileName(/home/sohail/Downloads/full_adder/sim/verdiLog/_swap_0001#17487465#27370)
	size(0) lastModTime(0) curModTime(1769854141)
	mode(w+b)	hot(0) cool(1) pos(0)
fid(1): fd(1073741824) fileName(/home/sohail/Downloads/full_adder/sim/simv.daidir/kdb.elab++/work.lib++/tb_full_adder.v.tdc)
	size(1697) lastModTime(1769854100) curModTime(1769854100)
	mode(rb)	hot(2) cool(0) pos(0)
fid(0): fd(0) fileName(NULL)
	mode(NULL)	hot(0) cool(0) pos(0)
==================================================
mySelf(0x1b194f80) pre(0x195337c0) next((nil))
version(200506)
date(Feb  1 2023 02:39:48)
